\BOOKMARK [1][-]{section*.1}{\376\377\122\006\135\345\140\305\121\265\000\040\000C\000o\000o\000p\000e\000r\000a\000t\000i\000o\000n}{}% 1
\BOOKMARK [1][-]{section*.2}{\376\377\144\130\211\201\000\040\000A\000b\000s\000t\000r\000a\000c\000t}{}% 2
\BOOKMARK [1][-]{section*.3}{\376\377\166\356\137\125\000\040\000T\000a\000b\000l\000e\000\040\000o\000f\000\040\000C\000o\000n\000t\000e\000n\000t\000s}{}% 3
\BOOKMARK [1][-]{section.1}{\376\377\000S\000D\000U\000\040\000L\000a\000T\000e\000X\152\041\147\177\116\313\176\315\000\040\000I\000n\000t\000r\000o\000d\000u\000c\000t\000i\000o\000n}{}% 4
\BOOKMARK [2][-]{subsection.1.1}{\376\377\127\372\147\054\117\177\165\050\000\040\000B\000a\000s\000i\000c\000\040\000U\000s\000a\000g\000e}{section.1}% 5
\BOOKMARK [3][-]{subsubsection.1.1.1}{\376\377\153\265\204\075\116\345\123\312\172\172\210\114\000\040\000P\000a\000r\000a\000g\000r\000a\000p\000h\000\040\000a\000n\000d\000\040\000B\000l\000a\000n\000k\000\040\000L\000i\000n\000e}{subsection.1.1}% 6
\BOOKMARK [3][-]{subsubsection.1.1.2}{\376\377\000i\000t\000e\000m\000i\000z\000e\163\257\130\203\000\040\000I\000t\000e\000m\000i\000z\000e\000\040\000E\000n\000v\000i\000r\000o\000n\000m\000e\000n\000t}{subsection.1.1}% 7
\BOOKMARK [3][-]{subsubsection.1.1.3}{\376\377\210\114\225\364\116\343\170\001\000\040\000I\000n\000l\000i\000n\000e\000\040\000C\000o\000d\000e}{subsection.1.1}% 8
\BOOKMARK [3][-]{subsubsection.1.1.4}{\376\377\117\177\165\050\122\006\150\017\000\040\000U\000s\000i\000n\000g\000\040\000C\000o\000l\000u\000m\000n\000s}{subsection.1.1}% 9
\BOOKMARK [2][-]{subsection.1.2}{\376\377\143\322\121\145\126\376\162\107\000\040\000I\000n\000s\000e\000r\000t\000\040\000P\000i\000c\000t\000u\000r\000e}{section.1}% 10
\BOOKMARK [2][-]{subsection.1.3}{\376\377\143\322\121\145\116\343\170\001\000\040\000I\000n\000s\000e\000r\000t\000\040\000C\000o\000d\000e}{section.1}% 11
\BOOKMARK [3][-]{subsubsection.1.3.1}{\376\377\116\343\170\001\121\231\127\050\121\205\220\350\145\207\116\366\000\040\000C\000o\000d\000e\000\040\000i\000n\000\040\000I\000n\000t\000e\000r\000n\000a\000l\000\040\000F\000i\000l\000e}{subsection.1.3}% 12
\BOOKMARK [3][-]{subsubsection.1.3.2}{\376\377\116\343\170\001\121\231\127\050\131\026\220\350\145\207\116\366\000\040\000C\000o\000d\000e\000\040\000i\000n\000\040\000E\000x\000t\000e\000r\000n\000a\000l\000\040\000F\000i\000l\000e}{subsection.1.3}% 13
\BOOKMARK [2][-]{subsection.1.4}{\376\377\143\322\121\145\210\150\150\074\000\040\000I\000n\000s\000e\000r\000t\000\040\000T\000a\000b\000l\000e}{section.1}% 14
\BOOKMARK [2][-]{subsection.1.5}{\376\377\143\322\121\145\121\154\137\017\000\040\000I\000n\000s\000e\000r\000t\000\040\000F\000o\000r\000m\000u\000l\000a}{section.1}% 15
\BOOKMARK [3][-]{subsubsection.1.5.1}{\376\377\210\114\121\205\121\154\137\017\000\040\000I\000n\000l\000i\000n\000e\000\040\000F\000o\000r\000m\000u\000l\000a}{subsection.1.5}% 16
\BOOKMARK [3][-]{subsubsection.1.5.2}{\376\377\210\114\225\364\121\154\137\017\000\040\000D\000i\000s\000p\000l\000a\000y\000\040\000F\000o\000r\000m\000u\000l\000a}{subsection.1.5}% 17
\BOOKMARK [2][-]{subsection.1.6}{\376\377\143\322\121\145\123\302\200\003\145\207\163\056\000\040\000I\000n\000s\000e\000r\000t\000\040\000R\000e\000f\000e\000r\000e\000n\000c\000e}{section.1}% 18
\BOOKMARK [3][-]{subsubsection.1.6.1}{\376\377\121\205\220\350\123\302\200\003\145\207\163\056\000\040\000I\000n\000t\000e\000r\000n\000a\000l\000\040\000R\000e\000f\000e\000r\000e\000n\000c\000e}{subsection.1.6}% 19
\BOOKMARK [3][-]{subsubsection.1.6.2}{\376\377\131\026\220\350\123\302\200\003\145\207\163\056\000\040\000E\000x\000t\000e\000r\000n\000a\000l\000\040\000R\000e\000f\000e\000r\000e\000n\000c\000e}{subsection.1.6}% 20
\BOOKMARK [2][-]{subsection.1.7}{\376\377\143\322\121\145\215\205\224\376\143\245\000\040\000I\000n\000s\000e\000r\000t\000\040\000H\000y\000p\000e\000r\000l\000i\000n\000k}{section.1}% 21
\BOOKMARK [2][-]{subsection.1.8}{\376\377\143\322\121\145\201\032\154\350\000\040\000I\000n\000s\000e\000r\000t\000\040\000F\000o\000o\000t\000n\000o\000t\000e}{section.1}% 22
\BOOKMARK [2][-]{subsection.1.9}{\376\377\176\330\122\066\126\376\120\317\000\040\000D\000r\000a\000w\000\040\000I\000m\000a\000g\000e}{section.1}% 23
\BOOKMARK [3][-]{subsubsection.1.9.1}{\376\377\176\330\122\066\155\101\172\013\126\376\000\040\000D\000r\000a\000w\000\040\000F\000l\000o\000w\000c\000h\000a\000r\000t}{subsection.1.9}% 24
\BOOKMARK [3][-]{subsubsection.1.9.2}{\376\377\176\330\122\066\150\021\126\376\000\040\000D\000r\000a\000w\000\040\000T\000r\000e\000e\000\040\000D\000i\000a\000g\000r\000a\000m}{subsection.1.9}% 25
\BOOKMARK [3][-]{subsubsection.1.9.3}{\376\377\176\330\122\066\142\323\142\121\126\376\000\040\000D\000r\000a\000w\000\040\000T\000o\000p\000o\000l\000o\000g\000y\000\040\000D\000i\000a\000g\000r\000a\000m}{subsection.1.9}% 26
\BOOKMARK [3][-]{subsubsection.1.9.4}{\376\377\176\330\122\066\145\366\136\217\126\376\000\040\000D\000r\000a\000w\000\040\000T\000i\000m\000i\000n\000g\000\040\000D\000i\000a\000g\000r\000a\000m}{subsection.1.9}% 27
\BOOKMARK [3][-]{subsubsection.1.9.5}{\376\377\176\330\122\066\121\166\116\326\126\376\000\040\000D\000r\000a\000w\000\040\000O\000t\000h\000e\000r\000\040\000D\000i\000a\000g\000r\000a\000m}{subsection.1.9}% 28
\BOOKMARK [3][-]{subsubsection.1.9.6}{\376\377\117\177\165\050\000p\000y\000t\000h\000o\000n\176\330\126\376\000\040\000U\000s\000i\000n\000g\000\040\000P\000y\000t\000h\000o\000n\000\040\000t\000o\000\040\000D\000r\000a\000w}{subsection.1.9}% 29
\BOOKMARK [2][-]{subsection.1.10}{\376\377\121\163\116\216\230\165\167\011\230\165\201\032\000\040\000A\000b\000o\000u\000t\000\040\000H\000e\000a\000d\000e\000r\000\040\000a\000n\000d\000\040\000F\000o\000o\000t\000e\000r}{section.1}% 30
\BOOKMARK [2][-]{subsection.1.11}{\376\377\121\163\116\216\134\001\227\142\000\040\000A\000b\000o\000u\000t\000\040\000C\000o\000v\000e\000r}{section.1}% 31
\BOOKMARK [2][-]{subsection.1.12}{\376\377\121\163\116\216\133\217\123\005\000\040\000A\000b\000o\000u\000t\000\040\000P\000a\000c\000k\000a\000g\000e}{section.1}% 32
\BOOKMARK [1][-]{section.2}{\376\377\116\052\140\047\123\026\000\040\000P\000e\000r\000s\000o\000n\000a\000l\000i\000z\000a\000t\000i\000o\000n}{}% 33
\BOOKMARK [2][-]{subsection.2.1}{\376\377\133\127\117\123\000\040\000F\000o\000n\000t}{section.2}% 34
\BOOKMARK [2][-]{subsection.2.2}{\376\377\230\234\202\162\000\040\000C\000o\000l\000o\000r}{section.2}% 35
\BOOKMARK [2][-]{subsection.2.3}{\376\377\116\343\170\001\232\330\116\256\000\040\000C\000o\000d\000e\000\040\000H\000i\000g\000h\000l\000i\000g\000h\000t\000i\000n\000g}{section.2}% 36
\BOOKMARK [3][-]{subsubsection.2.3.1}{\376\377\135\362\167\345\116\343\170\001\166\204\116\343\170\001\232\330\116\256\000\040\000C\000o\000d\000e\000\040\000H\000i\000g\000h\000l\000i\000g\000h\000t\000i\000n\000g\000\040\000f\000o\000r\000\040\000K\000n\000o\000w\000n\000\040\000C\000o\000d\000e}{subsection.2.3}% 37
\BOOKMARK [3][-]{subsubsection.2.3.2}{\376\377\147\052\167\345\116\343\170\001\166\204\116\343\170\001\232\330\116\256\000\040\000C\000o\000d\000e\000\040\000H\000i\000g\000h\000l\000i\000g\000h\000t\000i\000n\000g\000\040\000f\000o\000r\000\040\000U\000n\000k\000n\000o\000w\000n\000\040\000C\000o\000d\000e}{subsection.2.3}% 38
\BOOKMARK [2][-]{subsection.2.4}{\376\377\116\343\170\001\150\106\116\052\140\047\123\026\000\040\000C\000o\000d\000e\000\040\000B\000o\000x\000\040\000P\000e\000r\000s\000o\000n\000a\000l\000i\000z\000a\000t\000i\000o\000n}{section.2}% 39
\BOOKMARK [2][-]{subsection.2.5}{\376\377\117\356\145\071\215\205\224\376\143\245\230\234\202\162\000\040\000C\000h\000a\000n\000g\000e\000\040\000L\000i\000n\000k\000\040\000C\000o\000l\000o\000r}{section.2}% 40
\BOOKMARK [1][-]{section.3}{\376\377\140\073\176\323\000\040\000S\000u\000m\000m\000a\000r\000y}{}% 41
\BOOKMARK [1][-]{section*.12}{\376\377\226\104\137\125\000\040\000A\000p\000p\000e\000n\000d\000i\000x}{}% 42
